<?xml version="1.0" encoding="UTF-8"?>
<!-- Generated by org.testng.reporters.JUnitReportReporter -->
<testsuite hostname="DESKTOP-AB7H8NQ" failures="0" tests="1" name="testNGFail.Facebook" time="5.843" errors="0" timestamp="2023-09-23T07:24:59 IST" skipped="0">
  <testcase classname="testNGFail.Facebook" name="openFacebook" time="5.843"/>
  <system-out/>
</testsuite> <!-- testNGFail.Facebook -->
