<?xml version="1.0" encoding="UTF-8"?>
<!-- Generated by org.testng.reporters.JUnitReportReporter -->
<testsuite hostname="DESKTOP-AB7H8NQ" failures="0" tests="1" name="testNGFail.Amazon" time="7.683" errors="0" timestamp="2023-09-23T07:23:04 IST" skipped="0">
  <testcase classname="testNGFail.Amazon" name="openAmazon" time="7.683"/>
  <system-out/>
</testsuite> <!-- testNGFail.Amazon -->
