<?xml version="1.0" encoding="UTF-8"?>
<!-- Generated by org.testng.reporters.JUnitReportReporter -->
<testsuite hostname="DESKTOP-AB7H8NQ" failures="0" tests="1" name="testNG_Sequential.Facebook" time="4.212" errors="0" timestamp="2023-09-21T08:27:04 IST" skipped="0">
  <testcase classname="testNG_Sequential.Facebook" name="openFacebook" time="4.212"/>
  <system-out/>
</testsuite> <!-- testNG_Sequential.Facebook -->
