<?xml version="1.0" encoding="UTF-8"?>
<!-- Generated by org.testng.reporters.JUnitReportReporter -->
<testsuite hostname="DESKTOP-AB7H8NQ" failures="0" tests="5" name="testNG.Priority_Invocation_Enabled" time="0.009" errors="0" timestamp="2023-09-21T08:07:19 IST" skipped="1">
  <testcase classname="testNG.Priority_Invocation_Enabled" name="demo3" time="0.006"/>
  <system-out/>
  <testcase classname="testNG.Priority_Invocation_Enabled" name="demo1" time="0.001"/>
  <system-out/>
  <testcase classname="testNG.Priority_Invocation_Enabled" name="demo1" time="0.001"/>
  <system-out/>
  <testcase classname="testNG.Priority_Invocation_Enabled" name="demo1" time="0.001"/>
  <system-out/>
  <testcase classname="testNG.Priority_Invocation_Enabled" name="demo2">
    <skipped/>
  </testcase> <!-- demo2 -->
  <system-out/>
</testsuite> <!-- testNG.Priority_Invocation_Enabled -->
