<?xml version="1.0" encoding="UTF-8"?>
<!-- Generated by org.testng.reporters.JUnitReportReporter -->
<testsuite hostname="DESKTOP-AB7H8NQ" failures="0" tests="1" name="testNG_Parallel.Amazon" time="5.836" errors="0" timestamp="2023-09-22T07:40:15 IST" skipped="0">
  <testcase classname="testNG_Parallel.Amazon" name="openAmazon" time="5.836"/>
  <system-out/>
</testsuite> <!-- testNG_Parallel.Amazon -->
