<?xml version="1.0" encoding="UTF-8"?>
<!-- Generated by org.testng.reporters.JUnitReportReporter -->
<testsuite hostname="DESKTOP-AB7H8NQ" failures="0" tests="2" name="testNG_Sequential.CrossBrowser" time="18.714" errors="0" timestamp="2023-09-22T08:26:43 IST" skipped="0">
  <testcase classname="testNG_Sequential.CrossBrowser" name="facebok" time="9.385"/>
  <system-out/>
  <testcase classname="testNG_Sequential.CrossBrowser" name="facebok" time="9.329"/>
  <system-out/>
</testsuite> <!-- testNG_Sequential.CrossBrowser -->
