<?xml version="1.0" encoding="UTF-8"?>
<!-- Generated by org.testng.reporters.JUnitReportReporter -->
<testsuite hostname="DESKTOP-AB7H8NQ" failures="0" tests="1" name="testNG_Parallel.Facebook" time="5.491" errors="0" timestamp="2023-09-22T07:40:15 IST" skipped="0">
  <testcase classname="testNG_Parallel.Facebook" name="openFacebook" time="5.491"/>
  <system-out/>
</testsuite> <!-- testNG_Parallel.Facebook -->
